Flow report for BasicGates
Sun Nov 10 14:36:29 2019
Quartus II 64-Bit Version 13.1.0 Build 162 10/23/2013 SJ Web Edition


---------------------
; Table of Contents ;
---------------------
  1. Legal Notice
  2. Flow Summary
  3. Flow Settings
  4. Flow Non-Default Global Settings
  5. Flow Elapsed Time
  6. Flow OS Summary
  7. Flow Log
  8. Flow Messages
  9. Flow Suppressed Messages



----------------
; Legal Notice ;
----------------
Copyright (C) 1991-2013 Altera Corporation
Your use of Altera Corporation's design tools, logic functions 
and other software and tools, and its AMPP partner logic 
functions, and any output files from any of the foregoing 
(including device programming or simulation files), and any 
associated documentation or information are expressly subject 
to the terms and conditions of the Altera Program License 
Subscription Agreement, Altera MegaCore Function License 
Agreement, or other applicable license agreement, including, 
without limitation, that your use is for the sole purpose of 
programming logic devices manufactured by Altera and sold by 
Altera or its authorized distributors.  Please refer to the 
applicable agreement for further details.



+---------------------------------------------------------------------------------+
; Flow Summary                                                                    ;
+------------------------------------+--------------------------------------------+
; Flow Status                        ; Successful - Sun Nov 10 14:36:29 2019      ;
; Quartus II 64-Bit Version          ; 13.1.0 Build 162 10/23/2013 SJ Web Edition ;
; Revision Name                      ; BasicGates                                 ;
; Top-level Entity Name              ; AND_GATE                                   ;
; Family                             ; Cyclone IV E                               ;
; Device                             ; EP4CE40F23C7                               ;
; Timing Models                      ; Final                                      ;
; Total logic elements               ; 1 / 39,600 ( < 1 % )                       ;
;     Total combinational functions  ; 1 / 39,600 ( < 1 % )                       ;
;     Dedicated logic registers      ; 0 / 39,600 ( 0 % )                         ;
; Total registers                    ; 0                                          ;
; Total pins                         ; 3 / 329 ( < 1 % )                          ;
; Total virtual pins                 ; 0                                          ;
; Total memory bits                  ; 0 / 1,161,216 ( 0 % )                      ;
; Embedded Multiplier 9-bit elements ; 0 / 232 ( 0 % )                            ;
; Total PLLs                         ; 0 / 4 ( 0 % )                              ;
+------------------------------------+--------------------------------------------+


+-----------------------------------------+
; Flow Settings                           ;
+-------------------+---------------------+
; Option            ; Setting             ;
+-------------------+---------------------+
; Start date & time ; 11/10/2019 14:36:12 ;
; Main task         ; Compilation         ;
; Revision Name     ; BasicGates          ;
+-------------------+---------------------+


+-----------------------------------------------------------------------------------------------------------------------------------------------------------+
; Flow Non-Default Global Settings                                                                                                                          ;
+------------------------------------------------+-----------------------------------------------------------+---------------+-------------+----------------+
; Assignment Name                                ; Value                                                     ; Default Value ; Entity Name ; Section Id     ;
+------------------------------------------------+-----------------------------------------------------------+---------------+-------------+----------------+
; COMPILER_SIGNATURE_ID                          ; 180649687681063.157339657213732                           ; --            ; --          ; --             ;
; EDA_DESIGN_INSTANCE_NAME                       ; NA                                                        ; --            ; --          ; AND_GATE_tb    ;
; EDA_ENABLE_GLITCH_FILTERING                    ; Off                                                       ; --            ; --          ; eda_simulation ;
; EDA_MAP_ILLEGAL_CHARACTERS                     ; On                                                        ; --            ; --          ; eda_simulation ;
; EDA_NATIVELINK_SIMULATION_TEST_BENCH           ; AND_GATE_tb                                               ; --            ; --          ; eda_simulation ;
; EDA_OUTPUT_DATA_FORMAT                         ; Vhdl                                                      ; --            ; --          ; eda_simulation ;
; EDA_SIMULATION_TOOL                            ; ModelSim-Altera (VHDL)                                    ; <None>        ; --          ; --             ;
; EDA_TEST_BENCH_ENABLE_STATUS                   ; TEST_BENCH_MODE                                           ; --            ; --          ; eda_simulation ;
; EDA_TEST_BENCH_FILE                            ; AND_GATE_tb.vhd                                           ; --            ; --          ; AND_GATE_tb    ;
; EDA_TEST_BENCH_MODULE_NAME                     ; AND_GATE_tb                                               ; --            ; --          ; AND_GATE_tb    ;
; EDA_TEST_BENCH_NAME                            ; AND_GATE_tb                                               ; --            ; --          ; eda_simulation ;
; EDA_USER_COMPILED_SIMULATION_LIBRARY_DIRECTORY ; D:\MyFiles\Courses\Lectures\Basic Combinational Logic Lab ; --            ; --          ; eda_simulation ;
; MAX_CORE_JUNCTION_TEMP                         ; 85                                                        ; --            ; --          ; --             ;
; MIN_CORE_JUNCTION_TEMP                         ; 0                                                         ; --            ; --          ; --             ;
; PARTITION_COLOR                                ; 16764057                                                  ; --            ; AND_GATE    ; Top            ;
; PARTITION_FITTER_PRESERVATION_LEVEL            ; PLACEMENT_AND_ROUTING                                     ; --            ; AND_GATE    ; Top            ;
; PARTITION_NETLIST_TYPE                         ; SOURCE                                                    ; --            ; AND_GATE    ; Top            ;
; POWER_BOARD_THERMAL_MODEL                      ; None (CONSERVATIVE)                                       ; --            ; --          ; --             ;
; POWER_PRESET_COOLING_SOLUTION                  ; 23 MM HEAT SINK WITH 200 LFPM AIRFLOW                     ; --            ; --          ; --             ;
; TOP_LEVEL_ENTITY                               ; AND_GATE                                                  ; BasicGates    ; --          ; --             ;
; USE_GENERATED_PHYSICAL_CONSTRAINTS             ; Off                                                       ; --            ; --          ; eda_blast_fpga ;
+------------------------------------------------+-----------------------------------------------------------+---------------+-------------+----------------+


+-------------------------------------------------------------------------------------------------------------------------------+
; Flow Elapsed Time                                                                                                             ;
+---------------------------+--------------+-------------------------+---------------------+------------------------------------+
; Module Name               ; Elapsed Time ; Average Processors Used ; Peak Virtual Memory ; Total CPU Time (on all processors) ;
+---------------------------+--------------+-------------------------+---------------------+------------------------------------+
; Analysis & Synthesis      ; 00:00:01     ; 1.0                     ; 4654 MB             ; 00:00:01                           ;
; Fitter                    ; 00:00:07     ; 1.0                     ; 5016 MB             ; 00:00:06                           ;
; Assembler                 ; 00:00:02     ; 1.0                     ; 4601 MB             ; 00:00:02                           ;
; TimeQuest Timing Analyzer ; 00:00:02     ; 1.0                     ; 4653 MB             ; 00:00:02                           ;
; EDA Netlist Writer        ; 00:00:01     ; 1.0                     ; 4550 MB             ; 00:00:00                           ;
; Total                     ; 00:00:13     ; --                      ; --                  ; 00:00:11                           ;
+---------------------------+--------------+-------------------------+---------------------+------------------------------------+


+----------------------------------------------------------------------------------------+
; Flow OS Summary                                                                        ;
+---------------------------+------------------+-----------+------------+----------------+
; Module Name               ; Machine Hostname ; OS Name   ; OS Version ; Processor type ;
+---------------------------+------------------+-----------+------------+----------------+
; Analysis & Synthesis      ; DESKTOP-G25O981  ; Windows 7 ; 6.2        ; x86_64         ;
; Fitter                    ; DESKTOP-G25O981  ; Windows 7 ; 6.2        ; x86_64         ;
; Assembler                 ; DESKTOP-G25O981  ; Windows 7 ; 6.2        ; x86_64         ;
; TimeQuest Timing Analyzer ; DESKTOP-G25O981  ; Windows 7 ; 6.2        ; x86_64         ;
; EDA Netlist Writer        ; DESKTOP-G25O981  ; Windows 7 ; 6.2        ; x86_64         ;
+---------------------------+------------------+-----------+------------+----------------+


------------
; Flow Log ;
------------
quartus_map --read_settings_files=on --write_settings_files=off BasicGates -c BasicGates
quartus_fit --read_settings_files=off --write_settings_files=off BasicGates -c BasicGates
quartus_asm --read_settings_files=off --write_settings_files=off BasicGates -c BasicGates
quartus_sta BasicGates -c BasicGates
quartus_eda --read_settings_files=off --write_settings_files=off BasicGates -c BasicGates



